<?xml version="1.0" encoding="UTF-8"?>
<coverage generated="1630505110644" clover="3.2.0">
  <project timestamp="1630505110645" name="All files">
    <metrics statements="3" coveredstatements="3" conditionals="0" coveredconditionals="0" methods="3" coveredmethods="3" elements="6" coveredelements="6" complexity="0" loc="3" ncloc="3" packages="1" files="3" classes="3"/>
    <file name="copyArray.js" path="C:\Users\Youssef\OneDrive\Bureau\code\testing\basic jest\copyArray.js">
      <metrics statements="1" coveredstatements="1" conditionals="0" coveredconditionals="0" methods="1" coveredmethods="1"/>
      <line num="1" count="2" type="stmt"/>
    </file>
    <file name="subtract.js" path="C:\Users\Youssef\OneDrive\Bureau\code\testing\basic jest\subtract.js">
      <metrics statements="1" coveredstatements="1" conditionals="0" coveredconditionals="0" methods="1" coveredmethods="1"/>
      <line num="1" count="1" type="stmt"/>
    </file>
    <file name="sum.js" path="C:\Users\Youssef\OneDrive\Bureau\code\testing\basic jest\sum.js">
      <metrics statements="1" coveredstatements="1" conditionals="0" coveredconditionals="0" methods="1" coveredmethods="1"/>
      <line num="1" count="1" type="stmt"/>
    </file>
  </project>
</coverage>
