{"C:\\Users\\Youssef\\OneDrive\\Bureau\\code\\testing\\basic jest\\copyArray.js": {"path":"C:\\Users\\Youssef\\OneDrive\\Bureau\\code\\testing\\basic jest\\copyArray.js","statementMap":{"0":{"start":{"line":1,"column":0},"end":{"line":1,"column":38}},"1":{"start":{"line":1,"column":28},"end":{"line":1,"column":38}}},"fnMap":{"0":{"name":"(anonymous_0)","decl":{"start":{"line":1,"column":17},"end":{"line":1,"column":18}},"loc":{"start":{"line":1,"column":28},"end":{"line":1,"column":38}},"line":1}},"branchMap":{},"s":{"0":1,"1":2},"f":{"0":2},"b":{},"_coverageSchema":"1a1c01bbd47fc00a2c39e90264f33305004495a9","hash":"c01640306605771b8474872650a187eeddd6f7d9"}
,"C:\\Users\\Youssef\\OneDrive\\Bureau\\code\\testing\\basic jest\\subtract.js": {"path":"C:\\Users\\Youssef\\OneDrive\\Bureau\\code\\testing\\basic jest\\subtract.js","statementMap":{"0":{"start":{"line":1,"column":0},"end":{"line":1,"column":32}},"1":{"start":{"line":1,"column":27},"end":{"line":1,"column":32}}},"fnMap":{"0":{"name":"(anonymous_0)","decl":{"start":{"line":1,"column":17},"end":{"line":1,"column":18}},"loc":{"start":{"line":1,"column":27},"end":{"line":1,"column":32}},"line":1}},"branchMap":{},"s":{"0":1,"1":1},"f":{"0":1},"b":{},"_coverageSchema":"1a1c01bbd47fc00a2c39e90264f33305004495a9","hash":"2234003b0746c3fb9d74555511dc9d89b5392077"}
,"C:\\Users\\Youssef\\OneDrive\\Bureau\\code\\testing\\basic jest\\sum.js": {"path":"C:\\Users\\Youssef\\OneDrive\\Bureau\\code\\testing\\basic jest\\sum.js","statementMap":{"0":{"start":{"line":1,"column":0},"end":{"line":1,"column":32}},"1":{"start":{"line":1,"column":27},"end":{"line":1,"column":32}}},"fnMap":{"0":{"name":"(anonymous_0)","decl":{"start":{"line":1,"column":17},"end":{"line":1,"column":18}},"loc":{"start":{"line":1,"column":27},"end":{"line":1,"column":32}},"line":1}},"branchMap":{},"s":{"0":1,"1":1},"f":{"0":1},"b":{},"_coverageSchema":"1a1c01bbd47fc00a2c39e90264f33305004495a9","hash":"9189328353d2dd18acae7534c1b1a126aea1770d"}
}
